  Compiling CUDA source file kernel.cu...
  
  C:\Users\pedro\source\repos\Tarea1\Tarea1>"C:\Program Files\NVIDIA GPU Computing Toolkit\CUDA\v12.4\bin\nvcc.exe" -gencode=arch=compute_52,code=\"sm_52,compute_52\" --use-local-env -ccbin "C:\Program Files\Microsoft Visual Studio\2022\Community\VC\Tools\MSVC\14.41.34120\bin\HostX64\x64" -x cu   -I"C:\Program Files\NVIDIA GPU Computing Toolkit\CUDA\v12.4\include" -I"C:\Program Files\NVIDIA GPU Computing Toolkit\CUDA\v12.4\include"  -G   --keep-dir x64\Debug  -maxrregcount=0   --machine 64 --compile -cudart static  -g  -DWIN32 -DWIN64 -D_DEBUG -D_CONSOLE -D_MBCS -Xcompiler "/EHsc /W3 /nologo /Od /FS /Zi /RTC1 /MDd " -Xcompiler "/Fdx64\Debug\vc143.pdb" -o C:\Users\pedro\source\repos\Tarea1\Tarea1\x64\Debug\kernel.cu.obj "C:\Users\pedro\source\repos\Tarea1\Tarea1\kernel.cu" 
C:\Users\pedro\source\repos\Tarea1\Tarea1\stb_image.h(4276): warning #550-D: variable "old_limit" was set but never used
       unsigned int cur, limit, old_limit;
                                ^
  
  Remark: The warnings can be suppressed with "-diag-suppress <warning-number>"
  
C:\Users\pedro\source\repos\Tarea1\Tarea1\stb_image.h(5185): warning #550-D: variable "idata_limit_old" was set but never used
                   stbi__uint32 idata_limit_old = idata_limit;
                                ^
  
C:\Users\pedro\source\repos\Tarea1\Tarea1\stb_image.h(6972): warning #550-D: variable "out_size" was set but never used
          int out_size = 0;
              ^
  
C:\Users\pedro\source\repos\Tarea1\Tarea1\stb_image.h(6973): warning #550-D: variable "delays_size" was set but never used
          int delays_size = 0;
              ^
  
  kernel.cu
  tmpxft_00007710_00000000-7_kernel.cudafe1.cpp
     Creando biblioteca C:\Users\pedro\source\repos\Tarea1\x64\Debug\Tarea1.lib y objeto C:\Users\pedro\source\repos\Tarea1\x64\Debug\Tarea1.exp
LINK : warning LNK4098: la biblioteca predeterminada'LIBCMT' entra en conflicto con otras bibliotecas; use la biblioteca /NODEFAULTLIB:biblioteca
  Tarea1.vcxproj -> C:\Users\pedro\source\repos\Tarea1\x64\Debug\Tarea1.exe
